<?xml version="1.0" encoding="UTF-8"?>
<!-- Generated by org.testng.reporters.JUnitXMLReporter -->
<testsuite ignored="3" hostname="LAPTOP-BKQ9G2PC" failures="0" tests="1" name="Default test" time="3.459" errors="0" timestamp="2024-03-06T13:51:48 IST">
  <testcase classname="com.tutorialsninja.qa.testcases.SearchTest" name="verifyProductAddedSucessfuly" time="0.74"/>
  <testcase classname="com.tutorialsninja.qa.testcases.SearchTest" name="verifySearchWithInvalidProduct" time="0.0">
    <ignored/>
  </testcase> <!-- verifySearchWithInvalidProduct -->
  <testcase classname="com.tutorialsninja.qa.testcases.SearchTest" name="verifySearchWithoutAnyProduct" time="0.0">
    <ignored/>
  </testcase> <!-- verifySearchWithoutAnyProduct -->
  <testcase classname="com.tutorialsninja.qa.testcases.SearchTest" name="verifySearchWithValidProduct" time="0.0">
    <ignored/>
  </testcase> <!-- verifySearchWithValidProduct -->
</testsuite> <!-- Default test -->
