<?xml version="1.0" encoding="UTF-8"?>
<testng-results ignored="0" total="1" passed="1" failed="0" skipped="0">
  <reporter-output>
  </reporter-output>
  <suite started-at="2024-02-27T20:58:37 IST" name="Default suite" finished-at="2024-02-27T20:58:49 IST" duration-ms="11935">
    <groups>
    </groups>
    <test started-at="2024-02-27T20:58:37 IST" name="Default test" finished-at="2024-02-27T20:58:49 IST" duration-ms="11935">
      <class name="com.tutorialsninja.qa.testcases.LogoutTest">
        <test-method is-config="true" signature="setup()[pri:0, instance:com.tutorialsninja.qa.testcases.LogoutTest@313ac989]" started-at="2024-02-27T20:58:38 IST" name="setup" finished-at="2024-02-27T20:58:43 IST" duration-ms="5508" status="PASS">
          <reporter-output>
          </reporter-output>
        </test-method> <!-- setup -->
        <test-method signature="VerifyLoggingOutAndBrowsingBack()[pri:2, instance:com.tutorialsninja.qa.testcases.LogoutTest@313ac989]" started-at="2024-02-27T20:58:43 IST" name="VerifyLoggingOutAndBrowsingBack" finished-at="2024-02-27T20:58:49 IST" duration-ms="6260" status="PASS">
          <reporter-output>
          </reporter-output>
        </test-method> <!-- VerifyLoggingOutAndBrowsingBack -->
        <test-method is-config="true" signature="teardown()[pri:0, instance:com.tutorialsninja.qa.testcases.LogoutTest@313ac989]" started-at="2024-02-27T20:58:49 IST" name="teardown" finished-at="2024-02-27T20:58:49 IST" duration-ms="135" status="PASS">
          <reporter-output>
          </reporter-output>
        </test-method> <!-- teardown -->
      </class> <!-- com.tutorialsninja.qa.testcases.LogoutTest -->
    </test> <!-- Default test -->
  </suite> <!-- Default suite -->
</testng-results>
